<?xml version="1.0" encoding="UTF-8"?>
<testsuite xmlns:xsi="http://www.w3.org/2001/XMLSchema-instance" xsi:noNamespaceSchemaLocation="https://maven.apache.org/surefire/maven-surefire-plugin/xsd/surefire-test-report-3.0.xsd" version="3.0" name="com.dreamfinalproject.technicianB004.TechnicianB004ControllerTest" time="0.393" tests="2" errors="0" skipped="0" failures="0">
  <properties>
[...]
</properties>
  <testcase name="testGetRedCancelledBills" classname="com.dreamfinalproject.technicianB004.TechnicianB004ControllerTest" time="0.009">
    <system-out><![CDATA[2025-08-12T12:14:52.613+07:00  INFO 35016 --- [           main] t.c.s.AnnotationConfigContextLoaderUtils : Could not detect default configuration classes for test class [com.dreamfinalproject.technicianB004.TechnicianB004ControllerTest]: TechnicianB004ControllerTest does not declare any static, non-private, non-final, nested classes annotated with @Configuration.
2025-08-12T12:14:52.631+07:00  INFO 35016 --- [           main] .b.t.c.SpringBootTestContextBootstrapper : Found @SpringBootConfiguration com.dreamfinalproject.NamjaiBackendApplication for test class com.dreamfinalproject.technicianB004.TechnicianB004ControllerTest

  .   ____          _            __ _ _
 /\\ / ___'_ __ _ _(_)_ __  __ _ \ \ \ \
( ( )\___ | '_ | '_| | '_ \/ _` | \ \ \ \
 \\/  ___)| |_)| | | | | || (_| |  ) ) ) )
  '  |____| .__|_| |_|_| |_\__, | / / / /
 =========|_|==============|___/=/_/_/_/
 :: Spring Boot ::                (v3.2.2)

2025-08-12T12:14:52.666+07:00  INFO 35016 --- [           main] c.d.t.TechnicianB004ControllerTest       : Starting TechnicianB004ControllerTest using Java 20.0.2.1 with PID 35016 (started by aveng in C:\Users\aveng\Desktop\BuackUp\backend)
2025-08-12T12:14:52.667+07:00 DEBUG 35016 --- [           main] c.d.t.TechnicianB004ControllerTest       : Running with Spring Boot v3.2.2, Spring v6.1.4
2025-08-12T12:14:52.667+07:00  INFO 35016 --- [           main] c.d.t.TechnicianB004ControllerTest       : No active profile set, falling back to 1 default profile: "default"
2025-08-12T12:14:52.870+07:00  WARN 35016 --- [           main] .s.s.UserDetailsServiceAutoConfiguration : 

Using generated security password: e989d959-708d-4310-8f3b-190b4f593ba1

This generated password is for development use only. Your security configuration must be updated before running your application in production.

2025-08-12T12:14:52.934+07:00  INFO 35016 --- [           main] o.s.s.web.DefaultSecurityFilterChain     : Will secure any request with [org.springframework.security.web.session.DisableEncodeUrlFilter@64d0908c, org.springframework.security.web.context.request.async.WebAsyncManagerIntegrationFilter@62f2811, org.springframework.security.web.context.SecurityContextHolderFilter@3da94286, org.springframework.security.web.header.HeaderWriterFilter@35e59c13, org.springframework.web.filter.CorsFilter@74baefb0, org.springframework.security.web.authentication.logout.LogoutFilter@399faad3, org.springframework.security.web.savedrequest.RequestCacheAwareFilter@ad58e2c, org.springframework.security.web.servletapi.SecurityContextHolderAwareRequestFilter@57497703, org.springframework.security.web.authentication.AnonymousAuthenticationFilter@3a96b5a1, org.springframework.security.web.access.ExceptionTranslationFilter@238fd9cc, org.springframework.security.web.access.intercept.AuthorizationFilter@73d7b6b0]
2025-08-12T12:14:52.974+07:00  INFO 35016 --- [           main] o.s.b.t.m.w.SpringBootMockServletContext : Initializing Spring TestDispatcherServlet ''
2025-08-12T12:14:52.974+07:00  INFO 35016 --- [           main] o.s.t.web.servlet.TestDispatcherServlet  : Initializing Servlet ''
2025-08-12T12:14:52.975+07:00  INFO 35016 --- [           main] o.s.t.web.servlet.TestDispatcherServlet  : Completed initialization in 1 ms
2025-08-12T12:14:52.979+07:00  INFO 35016 --- [           main] c.d.t.TechnicianB004ControllerTest       : Started TechnicianB004ControllerTest in 0.344 seconds (process running for 12.393)
✅ Spring Boot Application is running and connected to SQL Server.
]]></system-out>
  </testcase>
  <testcase name="testGetMemberInfo" classname="com.dreamfinalproject.technicianB004.TechnicianB004ControllerTest" time="0.008"/>
</testsuite>